2020-10-10 12:31:04,847 - instabot version: 0.117.0 (bot) - INFO - Instabot version: 0.117.0 Started
2020-10-10 12:31:04,847 - instabot version: 0.117.0 (bot) - DEBUG - Bot imported from C:\Users\Седаков Николай\AppData\Roaming\Python\Python38\site-packages\instabot\bot\bot.py
2020-10-10 12:31:06,053 - instabot version: 0.117.0 (api_login) - DEBUG - Loading cookies
2020-10-10 12:31:06,053 - instabot version: 0.117.0 (api_login) - DEBUG - Loading uuids
2020-10-10 12:31:06,053 - instabot version: 0.117.0 (api_login) - INFO - Recovery from C:\Users\Седаков Николай\Desktop\Python\Api\Api  - SpaceInstagram/config/NikolaSProgger_uuid_and_cookie.json: COOKIE True - UUIDs True - TIMING, DEVICE and ...
- user-agent=Instagram 117.0.0.28.123 Android (28/9.0; 420dpi; 1080x1920; OnePlus; ONEPLUS A3003; OnePlus3; qcom; en_US; 180322800)
- phone_id=d6e2d212-fecc-438c-82b4-c1917d17607b
- uuid=cd962ea6-af18-4eff-a32b-d5eb2207550f
- client_session_id=ba8bac4d-962c-4922-84a3-ee3a0233f442
- device_id=android-1dfe64b4f1b67469
2020-10-10 12:31:06,054 - instabot version: 0.117.0 (api_login) - INFO - LOGIN FLOW! Just logged-in: False
2020-10-10 12:31:07,010 - instabot version: 0.117.0 (api) - DEBUG - POST to endpoint: feed/timeline/ returned response: <Response [200]>
2020-10-10 12:31:07,906 - instabot version: 0.117.0 (api) - DEBUG - POST to endpoint: feed/reels_tray/ returned response: <Response [200]>
2020-10-10 12:31:07,907 - instabot version: 0.117.0 (api) - INFO - Logged-in successfully as 'NikolaSProgger'!
2020-10-10 12:31:07,907 - instabot version: 0.117.0 (bot_checkpoint) - DEBUG - Loading Checkpoint file from: C:\Users\Седаков Николай\Desktop\Python\Api\Api  - SpaceInstagram/config/NikolaSProgger.checkpoint
2020-10-10 12:31:10,534 - instabot version: 0.117.0 (api_photo) - ERROR - Photo does not have a compatible photo aspect ratio.
2020-10-10 12:31:10,535 - instabot version: 0.117.0 (bot_photo) - INFO - Photo 'images/3807.jpg' is not uploaded.
2020-10-10 12:31:32,447 - instabot version: 0.117.0 (api) - DEBUG - POST to endpoint: media/configure/? returned response: <Response [200]>
2020-10-10 12:31:32,803 - instabot version: 0.117.0 (api) - DEBUG - POST to endpoint: qe/expose/ returned response: <Response [200]>
2020-10-10 12:31:32,803 - instabot version: 0.117.0 (bot_photo) - INFO - Photo 'images/3808.jpg' is uploaded.
2020-10-10 12:31:54,587 - instabot version: 0.117.0 (api) - DEBUG - POST to endpoint: media/configure/? returned response: <Response [200]>
2020-10-10 12:31:55,233 - instabot version: 0.117.0 (api) - DEBUG - POST to endpoint: qe/expose/ returned response: <Response [200]>
2020-10-10 12:31:55,233 - instabot version: 0.117.0 (bot_photo) - INFO - Photo 'images/3809.jpg' is uploaded.
2020-10-10 12:32:17,818 - instabot version: 0.117.0 (api) - DEBUG - POST to endpoint: media/configure/? returned response: <Response [200]>
2020-10-10 12:32:19,177 - instabot version: 0.117.0 (api) - DEBUG - POST to endpoint: qe/expose/ returned response: <Response [200]>
2020-10-10 12:32:19,178 - instabot version: 0.117.0 (bot_photo) - INFO - Photo 'images/3810.jpg' is uploaded.
2020-10-10 12:32:43,836 - instabot version: 0.117.0 (api) - DEBUG - POST to endpoint: media/configure/? returned response: <Response [200]>
2020-10-10 12:32:44,358 - instabot version: 0.117.0 (api) - DEBUG - POST to endpoint: qe/expose/ returned response: <Response [200]>
2020-10-10 12:32:44,358 - instabot version: 0.117.0 (bot_photo) - INFO - Photo 'images/3811.jpg' is uploaded.
2020-10-10 12:33:08,300 - instabot version: 0.117.0 (api) - DEBUG - POST to endpoint: media/configure/? returned response: <Response [200]>
2020-10-10 12:33:08,624 - instabot version: 0.117.0 (api) - DEBUG - POST to endpoint: qe/expose/ returned response: <Response [200]>
2020-10-10 12:33:08,625 - instabot version: 0.117.0 (bot_photo) - INFO - Photo 'images/3812.jpg' is uploaded.
2020-10-10 12:33:10,899 - instabot version: 0.117.0 (api_photo) - ERROR - Photo does not have a compatible photo aspect ratio.
2020-10-10 12:33:10,899 - instabot version: 0.117.0 (bot_photo) - INFO - Photo 'images/3813.jpg' is not uploaded.
2020-10-10 12:33:36,673 - instabot version: 0.117.0 (api) - DEBUG - POST to endpoint: media/configure/? returned response: <Response [200]>
2020-10-10 12:33:37,295 - instabot version: 0.117.0 (api) - DEBUG - POST to endpoint: qe/expose/ returned response: <Response [200]>
2020-10-10 12:33:37,296 - instabot version: 0.117.0 (bot_photo) - INFO - Photo 'images/3814.jpg' is uploaded.
2020-10-10 12:33:37,301 - instabot version: 0.117.0 (bot_checkpoint) - DEBUG - Saving Checkpoint file to: C:\Users\Седаков Николай\Desktop\Python\Api\Api  - SpaceInstagram/config/NikolaSProgger.checkpoint
2020-10-10 12:33:37,302 - instabot version: 0.117.0 (bot) - INFO - Total requests: 61
