2020-10-08 16:12:15,059 - instabot version: 0.117.0 (bot) - INFO - Instabot version: 0.117.0 Started
2020-10-08 16:12:15,059 - instabot version: 0.117.0 (bot) - DEBUG - Bot imported from C:\Users\Седаков Николай\AppData\Roaming\Python\Python38\site-packages\instabot\bot\bot.py
2020-10-08 16:12:16,614 - instabot version: 0.117.0 (api_login) - DEBUG - Loading cookies
2020-10-08 16:12:16,614 - instabot version: 0.117.0 (api_login) - DEBUG - Loading uuids
2020-10-08 16:12:16,614 - instabot version: 0.117.0 (api_login) - INFO - Recovery from C:\Users\Седаков Николай\Desktop\Python\Api\Api  - SpaceInstagram/config/NikolaSProgger_uuid_and_cookie.json: COOKIE True - UUIDs True - TIMING, DEVICE and ...
- user-agent=Instagram 117.0.0.28.123 Android (28/9.0; 420dpi; 1080x1920; OnePlus; ONEPLUS A3003; OnePlus3; qcom; en_US; 180322800)
- phone_id=d6e2d212-fecc-438c-82b4-c1917d17607b
- uuid=cd962ea6-af18-4eff-a32b-d5eb2207550f
- client_session_id=274b788b-796a-46a7-81dd-9af5c68d229d
- device_id=android-1dfe64b4f1b67469
2020-10-08 16:12:16,615 - instabot version: 0.117.0 (api_login) - INFO - LOGIN FLOW! Just logged-in: False
2020-10-08 16:12:17,461 - instabot version: 0.117.0 (api) - DEBUG - POST to endpoint: feed/timeline/ returned response: <Response [200]>
2020-10-08 16:12:17,811 - instabot version: 0.117.0 (api) - DEBUG - POST to endpoint: feed/reels_tray/ returned response: <Response [200]>
2020-10-08 16:12:18,351 - instabot version: 0.117.0 (api) - DEBUG - POST to endpoint: direct_v2/ranked_recipients/ returned response: <Response [200]>
2020-10-08 16:12:18,653 - instabot version: 0.117.0 (api) - DEBUG - POST to endpoint: direct_v2/ranked_recipients/ returned response: <Response [200]>
2020-10-08 16:12:19,021 - instabot version: 0.117.0 (api) - DEBUG - POST to endpoint: direct_v2/inbox/ returned response: <Response [200]>
2020-10-08 16:12:19,293 - instabot version: 0.117.0 (api) - DEBUG - GET to endpoint: direct_v2/get_presence/ returned response: <Response [200]>
2020-10-08 16:12:19,940 - instabot version: 0.117.0 (api) - DEBUG - GET to endpoint: news/inbox/?limited_activity=true&show_su=true returned response: <Response [200]>
2020-10-08 16:12:20,243 - instabot version: 0.117.0 (api) - DEBUG - GET to endpoint: users/profile_notice/ returned response: <Response [200]>
2020-10-08 16:12:21,136 - instabot version: 0.117.0 (api) - DEBUG - POST to endpoint: discover/explore/ returned response: <Response [200]>
2020-10-08 16:12:21,138 - instabot version: 0.117.0 (api) - INFO - Logged-in successfully as 'NikolaSProgger'!
2020-10-08 16:12:21,138 - instabot version: 0.117.0 (bot_checkpoint) - DEBUG - Loading Checkpoint file from: C:\Users\Седаков Николай\Desktop\Python\Api\Api  - SpaceInstagram/config/NikolaSProgger.checkpoint
2020-10-08 16:12:42,285 - instabot version: 0.117.0 (api) - DEBUG - POST to endpoint: media/configure/? returned response: <Response [200]>
2020-10-08 16:12:42,576 - instabot version: 0.117.0 (api) - DEBUG - POST to endpoint: qe/expose/ returned response: <Response [200]>
2020-10-08 16:12:42,577 - instabot version: 0.117.0 (bot_photo) - INFO - Photo 'images/3805.jpg.jpg' is uploaded.
2020-10-08 16:12:43,421 - instabot version: 0.117.0 (bot_checkpoint) - DEBUG - Saving Checkpoint file to: C:\Users\Седаков Николай\Desktop\Python\Api\Api  - SpaceInstagram/config/NikolaSProgger.checkpoint
2020-10-08 16:12:43,421 - instabot version: 0.117.0 (bot) - INFO - Total requests: 39
