2020-10-10 12:37:22,766 - instabot version: 0.117.0 (bot) - INFO - Instabot version: 0.117.0 Started
2020-10-10 12:37:22,766 - instabot version: 0.117.0 (bot) - DEBUG - Bot imported from C:\Users\Седаков Николай\AppData\Roaming\Python\Python38\site-packages\instabot\bot\bot.py
2020-10-10 12:37:23,873 - instabot version: 0.117.0 (api_login) - DEBUG - Loading cookies
2020-10-10 12:37:23,873 - instabot version: 0.117.0 (api_login) - DEBUG - Loading uuids
2020-10-10 12:37:23,873 - instabot version: 0.117.0 (api_login) - INFO - Recovery from C:\Users\Седаков Николай\Desktop\Python\Api\Api  - SpaceInstagram/config/NikolaSProgger_uuid_and_cookie.json: COOKIE True - UUIDs True - TIMING, DEVICE and ...
- user-agent=Instagram 117.0.0.28.123 Android (28/9.0; 420dpi; 1080x1920; OnePlus; ONEPLUS A3003; OnePlus3; qcom; en_US; 180322800)
- phone_id=d6e2d212-fecc-438c-82b4-c1917d17607b
- uuid=cd962ea6-af18-4eff-a32b-d5eb2207550f
- client_session_id=ba8bac4d-962c-4922-84a3-ee3a0233f442
- device_id=android-1dfe64b4f1b67469
2020-10-10 12:37:23,875 - instabot version: 0.117.0 (api_login) - INFO - LOGIN FLOW! Just logged-in: False
2020-10-10 12:37:24,699 - instabot version: 0.117.0 (api) - DEBUG - POST to endpoint: feed/timeline/ returned response: <Response [200]>
2020-10-10 12:37:25,071 - instabot version: 0.117.0 (api) - DEBUG - POST to endpoint: feed/reels_tray/ returned response: <Response [200]>
2020-10-10 12:37:25,071 - instabot version: 0.117.0 (api) - INFO - Logged-in successfully as 'NikolaSProgger'!
2020-10-10 12:37:25,072 - instabot version: 0.117.0 (bot_checkpoint) - DEBUG - Loading Checkpoint file from: C:\Users\Седаков Николай\Desktop\Python\Api\Api  - SpaceInstagram/config/NikolaSProgger.checkpoint
2020-10-10 12:37:44,768 - instabot version: 0.117.0 (api) - DEBUG - POST to endpoint: media/configure/? returned response: <Response [200]>
2020-10-10 12:37:45,064 - instabot version: 0.117.0 (api) - DEBUG - POST to endpoint: qe/expose/ returned response: <Response [200]>
2020-10-10 12:37:45,065 - instabot version: 0.117.0 (bot_photo) - INFO - Photo 'images/3814.jpg' is uploaded.
2020-10-10 12:37:45,069 - instabot version: 0.117.0 (bot_checkpoint) - DEBUG - Saving Checkpoint file to: C:\Users\Седаков Николай\Desktop\Python\Api\Api  - SpaceInstagram/config/NikolaSProgger.checkpoint
2020-10-10 12:37:45,070 - instabot version: 0.117.0 (bot) - INFO - Total requests: 63
