2020-12-26 13:40:28,147 - instabot version: 0.117.0 (bot) - INFO - Instabot version: 0.117.0 Started
2020-12-26 13:40:28,148 - instabot version: 0.117.0 (bot) - DEBUG - Bot imported from C:\Users\Седаков Николай\AppData\Roaming\Python\Python38\site-packages\instabot\bot\bot.py
2020-12-26 13:40:29,674 - instabot version: 0.117.0 (api_login) - DEBUG - Loading cookies
2020-12-26 13:40:29,674 - instabot version: 0.117.0 (api_login) - DEBUG - Loading uuids
2020-12-26 13:40:29,674 - instabot version: 0.117.0 (api_login) - INFO - Recovery from C:\Users\Седаков Николай\Desktop\Python\Api\SpaceInstagram/config/nikolassprogger_uuid_and_cookie.json: COOKIE True - UUIDs True - TIMING, DEVICE and ...
- user-agent=Instagram 117.0.0.28.123 Android (28/9.0; 420dpi; 1080x1920; OnePlus; ONEPLUS A3003; OnePlus3; qcom; en_US; 180322800)
- phone_id=3fc5f776-81f2-427c-8e16-47b5e3ba5c96
- uuid=aae21962-dec5-48c5-9f3f-55b754dd5a0d
- client_session_id=e0eb3616-8c65-452e-b02a-673ddbc445b0
- device_id=android-a376d222fe36425b
2020-12-26 13:40:29,676 - instabot version: 0.117.0 (api_login) - INFO - LOGIN FLOW! Just logged-in: False
2020-12-26 13:40:32,060 - instabot version: 0.117.0 (api) - DEBUG - POST to endpoint: feed/timeline/ returned response: <Response [200]>
2020-12-26 13:40:32,532 - instabot version: 0.117.0 (api) - DEBUG - POST to endpoint: feed/reels_tray/ returned response: <Response [200]>
2020-12-26 13:40:33,255 - instabot version: 0.117.0 (api) - DEBUG - POST to endpoint: direct_v2/ranked_recipients/ returned response: <Response [200]>
2020-12-26 13:40:33,535 - instabot version: 0.117.0 (api) - DEBUG - POST to endpoint: direct_v2/ranked_recipients/ returned response: <Response [200]>
2020-12-26 13:40:33,885 - instabot version: 0.117.0 (api) - DEBUG - POST to endpoint: direct_v2/inbox/ returned response: <Response [200]>
2020-12-26 13:40:34,143 - instabot version: 0.117.0 (api) - DEBUG - GET to endpoint: direct_v2/get_presence/ returned response: <Response [200]>
2020-12-26 13:40:34,664 - instabot version: 0.117.0 (api) - DEBUG - GET to endpoint: news/inbox/?limited_activity=true&show_su=true returned response: <Response [200]>
2020-12-26 13:40:34,941 - instabot version: 0.117.0 (api) - DEBUG - GET to endpoint: users/profile_notice/ returned response: <Response [200]>
2020-12-26 13:40:35,674 - instabot version: 0.117.0 (api) - DEBUG - POST to endpoint: discover/explore/ returned response: <Response [200]>
2020-12-26 13:40:35,675 - instabot version: 0.117.0 (api) - INFO - Logged-in successfully as 'nikolassprogger'!
2020-12-26 13:40:35,676 - instabot version: 0.117.0 (bot_checkpoint) - DEBUG - Loading Checkpoint file from: C:\Users\Седаков Николай\Desktop\Python\Api\SpaceInstagram/config/nikolassprogger.checkpoint
2020-12-26 13:40:35,698 - instabot version: 0.117.0 (bot_checkpoint) - DEBUG - Saving Checkpoint file to: C:\Users\Седаков Николай\Desktop\Python\Api\SpaceInstagram/config/nikolassprogger.checkpoint
2020-12-26 13:40:35,699 - instabot version: 0.117.0 (bot) - INFO - Total requests: 31
